[debug] [2026-02-23T07:17:25.898Z] ----------------------------------------------------------------------
[debug] [2026-02-23T07:17:25.914Z] Command:       /data/data/com.termux/files/usr/bin/node /data/data/com.termux/files/usr/bin/firebase init
[debug] [2026-02-23T07:17:25.916Z] CLI Version:   15.7.0
[debug] [2026-02-23T07:17:25.916Z] Platform:      android
[debug] [2026-02-23T07:17:25.917Z] Node Version:  v25.3.0
[debug] [2026-02-23T07:17:25.917Z] Time:          Mon Feb 23 2026 12:47:25 GMT+0530 (India Standard Time)
[debug] [2026-02-23T07:17:25.918Z] ----------------------------------------------------------------------
[debug] 
[info] 
     ######## #### ########  ######## ########     ###     ######  ########
     ##        ##  ##     ## ##       ##     ##  ##   ##  ##       ##
     ######    ##  ########  ######   ########  #########  ######  ######
     ##        ##  ##    ##  ##       ##     ## ##     ##       ## ##
     ##       #### ##     ## ######## ########  ##     ##  ######  ########

You're about to initialize a Firebase project in this directory:

  /data/data/com.termux/files/home/sriramik-small-magic

[info] 
=== Project Setup
[info] 
[info] First, let's associate this project directory with a Firebase project.
[info] You can create multiple project aliases by running firebase use --add, 
[info] 
[debug] [2026-02-23T07:18:22.902Z] > command requires scopes: ["email","openid","https://www.googleapis.com/auth/cloudplatformprojects.readonly","https://www.googleapis.com/auth/firebase","https://www.googleapis.com/auth/cloud-platform"]
[debug] [2026-02-23T07:18:22.904Z] > authorizing via signed-in user (hamsterlover1q@gmail.com)
[debug] [2026-02-23T07:18:22.910Z] Checked if tokens are valid: false, expires at: 1771779100153
[debug] [2026-02-23T07:18:22.911Z] Checked if tokens are valid: false, expires at: 1771779100153
[debug] [2026-02-23T07:18:22.912Z] > refreshing access token with scopes: []
[debug] [2026-02-23T07:18:22.924Z] >>> [apiv2][query] POST https://www.googleapis.com/oauth2/v3/token [none]
[debug] [2026-02-23T07:18:22.924Z] >>> [apiv2][body] POST https://www.googleapis.com/oauth2/v3/token [omitted]
[debug] [2026-02-23T07:18:23.363Z] <<< [apiv2][status] POST https://www.googleapis.com/oauth2/v3/token 200
[debug] [2026-02-23T07:18:23.363Z] <<< [apiv2][body] POST https://www.googleapis.com/oauth2/v3/token [omitted]
[debug] [2026-02-23T07:18:23.377Z] >>> [apiv2][query] GET https://firebase.googleapis.com/v1beta1/projects pageSize=100
[debug] [2026-02-23T07:18:24.104Z] <<< [apiv2][status] GET https://firebase.googleapis.com/v1beta1/projects 200
[debug] [2026-02-23T07:18:24.105Z] <<< [apiv2][body] GET https://firebase.googleapis.com/v1beta1/projects [omitted]
[info] 
=== Database Setup
[info] 
[info] Firebase Realtime Database Security Rules allow you to define how your data should be
[info] structured and when your data can be read from and written to.
[info] 
[debug] [2026-02-23T07:18:34.887Z] ExitPromptError: User force closed the prompt with SIGINT
    at Interface.sigint (/data/data/com.termux/files/usr/lib/node_modules/firebase-tools/node_modules/@inquirer/core/dist/commonjs/lib/create-prompt.js:101:37)
    at Interface.emit (node:events:508:28)
    at [_ttyWrite] [as _ttyWrite] (node:internal/readline/interface:1327:18)
    at ReadStream.onkeypress (node:internal/readline/interface:284:20)
    at ReadStream.emit (node:events:520:35)
    at emitKeys (node:internal/readline/utils:371:14)
    at emitKeys.next (<anonymous>)
    at ReadStream.onData (node:internal/readline/emitKeypressEvents:64:36)
    at ReadStream.emit (node:events:508:28)
    at addChunk (node:internal/streams/readable:559:12)
[error] 
[error] Error: An unexpected error has occurred.
